f:\objectloader\objectloader\release\vc110.pdb
f:\objectloader\vs project\objectloader\release\glew.obj
f:\objectloader\vs project\objectloader\release\vc110.pdb
f:\objectloader\vs project\objectloader\release\text.obj
f:\objectloader\vs project\objectloader\release\system.obj
f:\objectloader\vs project\objectloader\release\shader.obj
f:\objectloader\vs project\objectloader\release\scene.obj
f:\objectloader\vs project\objectloader\release\model.obj
f:\objectloader\vs project\objectloader\release\main.obj
f:\objectloader\vs project\objectloader\release\configwindow.obj
f:\objectloader\vs project\objectloader\release\button.obj
f:\objectloader\release\objectloader.exe
f:\objectloader\vs project\release\objectloader.exe
f:\objectloader\release\objectloader.lib
f:\objectloader\release\objectloader.exp
f:\objectloader\vs project\release\objectloader.lib
f:\objectloader\vs project\release\objectloader.exp
f:\objectloader\objectloader\release\vc120.pdb
f:\objectloader\objectloader\release\text.obj
f:\objectloader\objectloader\release\system.obj
f:\objectloader\objectloader\release\shader.obj
f:\objectloader\objectloader\release\scene.obj
f:\objectloader\objectloader\release\model.obj
f:\objectloader\objectloader\release\main.obj
f:\objectloader\objectloader\release\configwindow.obj
f:\objectloader\objectloader\release\button.obj
f:\objectloader\objectloader\release\glew.obj
f:\objectloader\vs project\objectloader\release\vc120.pdb
f:\objectloader\vs project\objectloader\release\cl.command.1.tlog
f:\objectloader\vs project\objectloader\release\cl.read.1.tlog
f:\objectloader\vs project\objectloader\release\cl.write.1.tlog
f:\objectloader\vs project\objectloader\release\link-cvtres.read.1.tlog
f:\objectloader\vs project\objectloader\release\link-cvtres.write.1.tlog
f:\objectloader\vs project\objectloader\release\link-rc.read.1.tlog
f:\objectloader\vs project\objectloader\release\link-rc.write.1.tlog
f:\objectloader\vs project\objectloader\release\link.command.1.tlog
f:\objectloader\vs project\objectloader\release\link.read.1.tlog
f:\objectloader\vs project\objectloader\release\link.write.1.tlog
f:\objectloader\vs project\objectloader\release\objectloader.write.1.tlog
f:\objectloader\vs project\objectloader\release\objectloader.tlog\cl.command.1.tlog
f:\objectloader\vs project\objectloader\release\objectloader.tlog\cl.read.1.tlog
f:\objectloader\vs project\objectloader\release\objectloader.tlog\cl.write.1.tlog
f:\objectloader\vs project\objectloader\release\objectloader.tlog\link.command.1.tlog
f:\objectloader\vs project\objectloader\release\objectloader.tlog\link.read.1.tlog
f:\objectloader\vs project\objectloader\release\objectloader.tlog\link.write.1.tlog
f:\objectloader\vs project\objectloader\release\objectloader.tlog\objectloader.write.1u.tlog
