f:\objectloader\vs project\objectloader\debug\button.obj
f:\objectloader\vs project\objectloader\debug\configwindow.obj
f:\objectloader\vs project\objectloader\debug\main.obj
f:\objectloader\vs project\objectloader\debug\model.obj
f:\objectloader\vs project\objectloader\debug\scene.obj
f:\objectloader\vs project\objectloader\debug\shader.obj
f:\objectloader\vs project\objectloader\debug\system.obj
f:\objectloader\vs project\objectloader\debug\text.obj
f:\objectloader\vs project\objectloader\debug\vc110.pdb
f:\objectloader\vs project\objectloader\debug\glew.obj
f:\objectloader\vs project\debug\objectloader.ilk
f:\objectloader\vs project\debug\objectloader.exe
f:\objectloader\vs project\debug\objectloader.pdb
f:\objectloader\vs project\debug\objectloader.lib
f:\objectloader\vs project\debug\objectloader.exp
f:\objectloader\vs project\objectloader\debug\cl.command.1.tlog
f:\objectloader\vs project\objectloader\debug\cl.read.1.tlog
f:\objectloader\vs project\objectloader\debug\cl.write.1.tlog
f:\objectloader\vs project\objectloader\debug\link-cvtres.read.1.tlog
f:\objectloader\vs project\objectloader\debug\link-cvtres.write.1.tlog
f:\objectloader\vs project\objectloader\debug\link-rc.read.1.tlog
f:\objectloader\vs project\objectloader\debug\link-rc.write.1.tlog
f:\objectloader\vs project\objectloader\debug\link.1704-cvtres.read.1.tlog
f:\objectloader\vs project\objectloader\debug\link.1704-cvtres.write.1.tlog
f:\objectloader\vs project\objectloader\debug\link.1704-rc.read.1.tlog
f:\objectloader\vs project\objectloader\debug\link.1704-rc.write.1.tlog
f:\objectloader\vs project\objectloader\debug\link.1704.read.1.tlog
f:\objectloader\vs project\objectloader\debug\link.1704.write.1.tlog
f:\objectloader\vs project\objectloader\debug\link.command.1.tlog
f:\objectloader\vs project\objectloader\debug\link.read.1.tlog
f:\objectloader\vs project\objectloader\debug\link.write.1.tlog
f:\objectloader\vs project\objectloader\debug\objectloader.write.1.tlog
f:\objectloader\vs project\objectloader\debug\vc110.idb
